<?xml version="1.0" encoding="UTF-8"?>
<!-- Generated by org.testng.reporters.JUnitXMLReporter -->
<testsuite hostname="Jasmin-PC" name="Default test" tests="7" failures="0" timestamp="17 May 2015 16:47:21 GMT" time="0.697" errors="0">
  <testcase name="likeObjModelTest" time="0.564" classname="com.FCI.SWE.Models.TestLikeEntity"/>
  <testcase name="likeObjModelTest1" time="0.017" classname="com.FCI.SWE.Models.TestLikeEntity"/>
  <testcase name="allLikeUsersByIDModelTest" time="0.011" classname="com.FCI.SWE.Models.TestLikeEntity"/>
  <testcase name="likePageModelTest" time="0.006" classname="com.FCI.SWE.Models.TestLikeEntity"/>
  <testcase name="likePostModelTest" time="0.005" classname="com.FCI.SWE.Models.TestLikeEntity"/>
  <testcase name="allLikeUserModelTest" time="0.004" classname="com.FCI.SWE.Models.TestLikeEntity"/>
  <testcase name="checkLikeIDModelTest" time="0.006" classname="com.FCI.SWE.Models.TestLikeEntity"/>
</testsuite> <!-- Default test -->
