<?xml version="1.0" encoding="UTF-8"?>
<!-- Generated by org.testng.reporters.JUnitXMLReporter -->
<testsuite hostname="Jasmin-PC" name="Default test" tests="3" failures="0" timestamp="10 May 2015 21:55:19 GMT" time="0.482" errors="0">
  <testcase name="SavePageModelTest" time="0.425" classname="com.FCI.SWE.Models.TestPageEntity"/>
  <testcase name="checkPageModelTest" time="0.007" classname="com.FCI.SWE.Models.TestPageEntity"/>
  <testcase name="getPageModelTest" time="0.001" classname="com.FCI.SWE.Models.TestPageEntity"/>
</testsuite> <!-- Default test -->
