<?xml version="1.0" encoding="UTF-8"?>
<testng-results skipped="0" failed="0" total="3" passed="3">
  <reporter-output>
  </reporter-output>
  <suite name="Default suite" duration-ms="482" started-at="2015-05-10T21:55:19Z" finished-at="2015-05-10T21:55:19Z">
    <groups>
    </groups>
    <test name="Default test" duration-ms="482" started-at="2015-05-10T21:55:19Z" finished-at="2015-05-10T21:55:19Z">
      <class name="com.FCI.SWE.Models.TestPageEntity">
        <test-method status="PASS" signature="setUp()[pri:0, instance:com.FCI.SWE.Models.TestPageEntity@482ef8a9]" name="setUp" is-config="true" duration-ms="35" started-at="2015-05-10T23:55:19Z" finished-at="2015-05-10T23:55:19Z">
          <reporter-output>
          </reporter-output>
        </test-method> <!-- setUp -->
        <test-method status="PASS" signature="SavePageModelTest()[pri:0, instance:com.FCI.SWE.Models.TestPageEntity@482ef8a9]" name="SavePageModelTest" duration-ms="425" started-at="2015-05-10T23:55:19Z" finished-at="2015-05-10T23:55:19Z">
          <reporter-output>
          </reporter-output>
        </test-method> <!-- SavePageModelTest -->
        <test-method status="PASS" signature="checkPageModelTest()[pri:0, instance:com.FCI.SWE.Models.TestPageEntity@482ef8a9]" name="checkPageModelTest" duration-ms="7" started-at="2015-05-10T23:55:19Z" depends-on-methods="com.FCI.SWE.Models.TestPageEntity.SavePageModelTest" finished-at="2015-05-10T23:55:19Z">
          <reporter-output>
          </reporter-output>
        </test-method> <!-- checkPageModelTest -->
        <test-method status="PASS" signature="getPageModelTest()[pri:0, instance:com.FCI.SWE.Models.TestPageEntity@482ef8a9]" name="getPageModelTest" duration-ms="1" started-at="2015-05-10T23:55:19Z" depends-on-methods="com.FCI.SWE.Models.TestPageEntity.SavePageModelTest" finished-at="2015-05-10T23:55:19Z">
          <reporter-output>
          </reporter-output>
        </test-method> <!-- getPageModelTest -->
        <test-method status="PASS" signature="tearDown()[pri:0, instance:com.FCI.SWE.Models.TestPageEntity@482ef8a9]" name="tearDown" is-config="true" duration-ms="0" started-at="2015-05-10T23:55:19Z" finished-at="2015-05-10T23:55:19Z">
          <reporter-output>
          </reporter-output>
        </test-method> <!-- tearDown -->
      </class> <!-- com.FCI.SWE.Models.TestPageEntity -->
    </test> <!-- Default test -->
  </suite> <!-- Default suite -->
</testng-results>
